<?xml version="1.0" encoding="UTF-8"?>
<!-- Generated by org.testng.reporters.JUnitReportReporter -->
<testsuite hostname="DESKTOP-1CC4URN" name="serverAutoLaunch.TestSetup" tests="1" failures="0" timestamp="4 Mar 2018 09:18:06 GMT" time="0.015" errors="0">
  <testcase name="testServer" time="0.015" classname="serverAutoLaunch.TestSetup"/>
</testsuite> <!-- serverAutoLaunch.TestSetup -->
