<?xml version="1.0" encoding="UTF-8"?>
<!-- Generated by org.testng.reporters.JUnitReportReporter -->
<testsuite hostname="DESKTOP-1CC4URN" name="com.gallery.intex.testbase.TestBase" tests="1" failures="0" timestamp="14 Feb 2018 11:09:38 GMT" time="23.575" errors="0">
  <testcase name="galleryClick" time="23.575" classname="com.gallery.intex.testbase.TestBase"/>
</testsuite> <!-- com.gallery.intex.testbase.TestBase -->
