<?xml version="1.0" encoding="UTF-8"?>
<!-- Generated by org.testng.reporters.JUnitReportReporter -->
<testsuite hostname="DESKTOP-1CC4URN" name="serverAutoLaunch.AppiumServerCmd" tests="1" failures="0" timestamp="4 Mar 2018 08:13:35 GMT" time="0.010" errors="0">
  <testcase name="testServer" time="0.010" classname="serverAutoLaunch.AppiumServerCmd"/>
</testsuite> <!-- serverAutoLaunch.AppiumServerCmd -->
